<?xml version="1.0" encoding="UTF-8"?>
<!-- Generated by org.testng.reporters.JUnitXMLReporter -->
<testsuite ignored="0" hostname="PRATEEKs-MacBook-Air.local" failures="0" tests="3" name="Login Tests" time="61.244" errors="0" timestamp="2026-03-10T00:31:30 IST">
  <testcase classname="com.saucedemo.tests.LoginTest" name="testEmptyLogin" time="4.8"/>
  <testcase classname="com.saucedemo.tests.LoginTest" name="testLockedUserLogin" time="6.754"/>
  <testcase classname="com.saucedemo.tests.LoginTest" name="testValidLogin" time="7.612"/>
</testsuite> <!-- Login Tests -->
