<?xml version="1.0" encoding="UTF-8"?>
<testng-results ignored="0" total="3" passed="3" failed="0" skipped="0">
  <reporter-output>
  </reporter-output>
  <suite started-at="2026-03-10T00:30:29 IST" name="SauceDemo Suite" finished-at="2026-03-10T00:31:30 IST" duration-ms="61244">
    <groups>
    </groups>
    <test started-at="2026-03-10T00:30:29 IST" name="Login Tests" finished-at="2026-03-10T00:31:30 IST" duration-ms="61244">
      <class name="com.saucedemo.tests.LoginTest">
        <test-method is-config="true" signature="setUp()[pri:0, instance:com.saucedemo.tests.LoginTest@6f46426d]" started-at="2026-03-10T00:30:29 IST" name="setUp" finished-at="2026-03-10T00:30:43 IST" duration-ms="13956" status="PASS">
          <reporter-output>
          </reporter-output>
        </test-method> <!-- setUp -->
        <test-method signature="testEmptyLogin()[pri:0, instance:com.saucedemo.tests.LoginTest@6f46426d]" started-at="2026-03-10T00:30:43 IST" name="testEmptyLogin" finished-at="2026-03-10T00:30:48 IST" duration-ms="4800" status="PASS">
          <reporter-output>
          </reporter-output>
        </test-method> <!-- testEmptyLogin -->
        <test-method is-config="true" signature="tearDown()[pri:0, instance:com.saucedemo.tests.LoginTest@6f46426d]" started-at="2026-03-10T00:30:48 IST" name="tearDown" finished-at="2026-03-10T00:30:48 IST" duration-ms="190" status="PASS">
          <reporter-output>
          </reporter-output>
        </test-method> <!-- tearDown -->
        <test-method is-config="true" signature="setUp()[pri:0, instance:com.saucedemo.tests.LoginTest@6f46426d]" started-at="2026-03-10T00:30:48 IST" name="setUp" finished-at="2026-03-10T00:31:02 IST" duration-ms="14031" status="PASS">
          <reporter-output>
          </reporter-output>
        </test-method> <!-- setUp -->
        <test-method signature="testLockedUserLogin()[pri:0, instance:com.saucedemo.tests.LoginTest@6f46426d]" started-at="2026-03-10T00:31:02 IST" name="testLockedUserLogin" finished-at="2026-03-10T00:31:09 IST" duration-ms="6754" status="PASS">
          <reporter-output>
          </reporter-output>
        </test-method> <!-- testLockedUserLogin -->
        <test-method is-config="true" signature="tearDown()[pri:0, instance:com.saucedemo.tests.LoginTest@6f46426d]" started-at="2026-03-10T00:31:09 IST" name="tearDown" finished-at="2026-03-10T00:31:09 IST" duration-ms="130" status="PASS">
          <reporter-output>
          </reporter-output>
        </test-method> <!-- tearDown -->
        <test-method is-config="true" signature="setUp()[pri:0, instance:com.saucedemo.tests.LoginTest@6f46426d]" started-at="2026-03-10T00:31:09 IST" name="setUp" finished-at="2026-03-10T00:31:23 IST" duration-ms="13500" status="PASS">
          <reporter-output>
          </reporter-output>
        </test-method> <!-- setUp -->
        <test-method signature="testValidLogin()[pri:0, instance:com.saucedemo.tests.LoginTest@6f46426d]" started-at="2026-03-10T00:31:23 IST" name="testValidLogin" finished-at="2026-03-10T00:31:30 IST" duration-ms="7612" status="PASS">
          <reporter-output>
          </reporter-output>
        </test-method> <!-- testValidLogin -->
        <test-method is-config="true" signature="tearDown()[pri:0, instance:com.saucedemo.tests.LoginTest@6f46426d]" started-at="2026-03-10T00:31:30 IST" name="tearDown" finished-at="2026-03-10T00:31:30 IST" duration-ms="129" status="PASS">
          <reporter-output>
          </reporter-output>
        </test-method> <!-- tearDown -->
      </class> <!-- com.saucedemo.tests.LoginTest -->
    </test> <!-- Login Tests -->
  </suite> <!-- SauceDemo Suite -->
</testng-results>
