<?xml version="1.0" encoding="UTF-8"?>
<!-- Generated by org.testng.reporters.JUnitReportReporter -->
<testsuite hostname="PRATEEKs-MacBook-Air.local" failures="0" tests="3" name="com.saucedemo.tests.LoginTest" time="61.102" errors="0" timestamp="2026-03-10T00:31:30 IST" skipped="0">
  <testcase classname="com.saucedemo.tests.LoginTest" name="testEmptyLogin" time="18.960"/>
  <testcase classname="com.saucedemo.tests.LoginTest" name="testValidLogin" time="21.758"/>
  <testcase classname="com.saucedemo.tests.LoginTest" name="testLockedUserLogin" time="20.384"/>
</testsuite> <!-- com.saucedemo.tests.LoginTest -->
